The system is: Linux - 3.10.0-1160.42.2.el7.x86_64 - x86_64
Compiling the CXX compiler identification source file "CMakeCXXCompilerId.cpp" succeeded.
Compiler: /usr/local_rwth/sw/gcc/7.3.0/bin/g++ 
Build flags: 
Id flags:  

The output was:
0


Compilation of the CXX compiler identification source "CMakeCXXCompilerId.cpp" produced "a.out"

The CXX compiler identification is GNU, found in "/home/ir835194/sisc/lammps_dco/lammps_with_python/src/CMakeFiles/3.10.1/CompilerIdCXX/a.out"

Determining if the CXX compiler works passed with the following output:
Change Dir: /home/ir835194/sisc/lammps_dco/lammps_with_python/src/CMakeFiles/CMakeTmp

Run Build Command:"/usr/local_rwth/bin/gmake" "cmTC_535cc/fast"
/usr/local_rwth/bin/gmake -f CMakeFiles/cmTC_535cc.dir/build.make CMakeFiles/cmTC_535cc.dir/build
gmake[1]: Entering directory `/rwthfs/rz/cluster/home/ir835194/sisc/lammps_dco/lammps_with_python/src/CMakeFiles/CMakeTmp'
Building CXX object CMakeFiles/cmTC_535cc.dir/testCXXCompiler.cxx.o
/usr/local_rwth/sw/gcc/7.3.0/bin/g++     -o CMakeFiles/cmTC_535cc.dir/testCXXCompiler.cxx.o -c /home/ir835194/sisc/lammps_dco/lammps_with_python/src/CMakeFiles/CMakeTmp/testCXXCompiler.cxx
Linking CXX executable cmTC_535cc
/usr/bin/cmake -E cmake_link_script CMakeFiles/cmTC_535cc.dir/link.txt --verbose=1
/usr/local_rwth/sw/gcc/7.3.0/bin/g++       -rdynamic CMakeFiles/cmTC_535cc.dir/testCXXCompiler.cxx.o  -o cmTC_535cc 
gmake[1]: Leaving directory `/rwthfs/rz/cluster/home/ir835194/sisc/lammps_dco/lammps_with_python/src/CMakeFiles/CMakeTmp'


Detecting CXX compiler ABI info compiled with the following output:
Change Dir: /home/ir835194/sisc/lammps_dco/lammps_with_python/src/CMakeFiles/CMakeTmp

Run Build Command:"/usr/local_rwth/bin/gmake" "cmTC_68155/fast"
/usr/local_rwth/bin/gmake -f CMakeFiles/cmTC_68155.dir/build.make CMakeFiles/cmTC_68155.dir/build
gmake[1]: Entering directory `/rwthfs/rz/cluster/home/ir835194/sisc/lammps_dco/lammps_with_python/src/CMakeFiles/CMakeTmp'
Building CXX object CMakeFiles/cmTC_68155.dir/CMakeCXXCompilerABI.cpp.o
/usr/local_rwth/sw/gcc/7.3.0/bin/g++     -o CMakeFiles/cmTC_68155.dir/CMakeCXXCompilerABI.cpp.o -c /usr/share/cmake/Modules/CMakeCXXCompilerABI.cpp
Linking CXX executable cmTC_68155
/usr/bin/cmake -E cmake_link_script CMakeFiles/cmTC_68155.dir/link.txt --verbose=1
/usr/local_rwth/sw/gcc/7.3.0/bin/g++      -v -rdynamic CMakeFiles/cmTC_68155.dir/CMakeCXXCompilerABI.cpp.o  -o cmTC_68155 
Es werden eingebaute Spezifikationen verwendet.
COLLECT_GCC=/usr/local_rwth/sw/gcc/7.3.0/bin/g++
COLLECT_LTO_WRAPPER=/usr/local_rwth/sw/gcc/7.3.0/libexec/gcc/x86_64-pc-linux-gnu/7.3.0/lto-wrapper
OFFLOAD_TARGET_NAMES=nvptx-none
Ziel: x86_64-pc-linux-gnu
Konfiguriert mit: ../../SOURCES/gcc-7.3.0/configure --prefix=/usr/local_rwth/sw/gcc/7.3.0 --enable-offload-targets=nvptx-none --enable-languages=c,c++,objc,obj-c++,fortran --enable-lto --enable-install-libiberty --with-gmp=/w0/tmp/jh366276/GCC-7.3.0/build/destdir/usr/local_rwth/sw/gcc/7.3.0 --with-mpfr=/w0/tmp/jh366276/GCC-7.3.0/build/destdir/usr/local_rwth/sw/gcc/7.3.0 --with-mpc=/w0/tmp/jh366276/GCC-7.3.0/build/destdir/usr/local_rwth/sw/gcc/7.3.0 --with-ppl=/w0/tmp/jh366276/GCC-7.3.0/build/destdir/usr/local_rwth/sw/gcc/7.3.0 --with-isl --with-default-libstdcxx-abi=gcc4-compatible LDFLAGS='-Wl,-rpath,/usr/local_rwth/sw/gcc/7.3.0/lib64 -Wl,-rpath,/usr/local_rwth/sw/gcc/7.3.0/lib'
Thread-Modell: posix
gcc-Version 7.3.0 (GCC) 
COMPILER_PATH=/usr/local_rwth/sw/gcc/7.3.0/libexec/gcc/x86_64-pc-linux-gnu/7.3.0/:/usr/local_rwth/sw/gcc/7.3.0/libexec/gcc/
LIBRARY_PATH=/usr/local_rwth/sw/gcc/7.3.0/lib/gcc/x86_64-pc-linux-gnu/7.3.0/:/usr/local_rwth/sw/gcc/7.3.0/lib/gcc/:/usr/local_rwth/sw/gcc/7.3.0/lib64/../lib64/:/usr/local_rwth/sw/gcc/7.3.0/lib/../lib64/:/rwthfs/rz/SW/gcc/CENTOS-7.3/7.3.0/bin/../lib/gcc/x86_64-pc-linux-gnu/7.3.0/../../../../lib64/:/lib/../lib64/:/usr/lib/../lib64/:/usr/local_rwth/sw/gcc/7.3.0/lib64/:/usr/local_rwth/sw/gcc/7.3.0/lib/:/opt/intel/Compiler/19.0/1.144/rwthlnk/daal/lib/intel64_lin/:/opt/intel/Compiler/19.0/1.144/rwthlnk/daal/lib/ia32_lin/:/opt/intel/Compiler/19.0/1.144/rwthlnk/ipp/lib/intel64_lin/:/opt/intel/Compiler/19.0/1.144/rwthlnk/ipp/lib/ia32_lin/:/opt/intel/Compiler/19.0/1.144/rwthlnk/mkl/lib/intel64_lin/:/opt/intel/Compiler/19.0/1.144/rwthlnk/mkl/lib/ia32_lin/:/opt/intel/Compiler/19.0/1.144/rwthlnk/tbb/lib/intel64_lin/gcc4.7/:/opt/intel/Compiler/19.0/1.144/rwthlnk/tbb/lib/ia32_lin/gcc4.7/:/rwthfs/rz/SW/gcc/CENTOS-7.3/7.3.0/bin/../lib/gcc/x86_64-pc-linux-gnu/7.3.0/../../../:/lib/:/usr/lib/
COLLECT_GCC_OPTIONS='-v' '-rdynamic' '-o' 'cmTC_68155' '-shared-libgcc' '-mtune=generic' '-march=x86-64'
 /usr/local_rwth/sw/gcc/7.3.0/libexec/gcc/x86_64-pc-linux-gnu/7.3.0/collect2 -plugin /usr/local_rwth/sw/gcc/7.3.0/libexec/gcc/x86_64-pc-linux-gnu/7.3.0/liblto_plugin.so -plugin-opt=/usr/local_rwth/sw/gcc/7.3.0/libexec/gcc/x86_64-pc-linux-gnu/7.3.0/lto-wrapper -plugin-opt=-fresolution=/tmp/ir835194/login18-1_70280/cc0TNLP9.res -plugin-opt=-pass-through=-lgcc_s -plugin-opt=-pass-through=-lgcc -plugin-opt=-pass-through=-lc -plugin-opt=-pass-through=-lgcc_s -plugin-opt=-pass-through=-lgcc --eh-frame-hdr -m elf_x86_64 -export-dynamic -dynamic-linker /lib64/ld-linux-x86-64.so.2 -o cmTC_68155 /lib/../lib64/crt1.o /lib/../lib64/crti.o /usr/local_rwth/sw/gcc/7.3.0/lib/gcc/x86_64-pc-linux-gnu/7.3.0/crtbegin.o -L/usr/local_rwth/sw/gcc/7.3.0/lib/gcc/x86_64-pc-linux-gnu/7.3.0 -L/usr/local_rwth/sw/gcc/7.3.0/lib/gcc -L/usr/local_rwth/sw/gcc/7.3.0/lib64/../lib64 -L/usr/local_rwth/sw/gcc/7.3.0/lib/../lib64 -L/rwthfs/rz/SW/gcc/CENTOS-7.3/7.3.0/bin/../lib/gcc/x86_64-pc-linux-gnu/7.3.0/../../../../lib64 -L/lib/../lib64 -L/usr/lib/../lib64 -L/usr/local_rwth/sw/gcc/7.3.0/lib64 -L/usr/local_rwth/sw/gcc/7.3.0/lib -L/opt/intel/Compiler/19.0/1.144/rwthlnk/daal/lib/intel64_lin -L/opt/intel/Compiler/19.0/1.144/rwthlnk/daal/lib/ia32_lin -L/opt/intel/Compiler/19.0/1.144/rwthlnk/ipp/lib/intel64_lin -L/opt/intel/Compiler/19.0/1.144/rwthlnk/ipp/lib/ia32_lin -L/opt/intel/Compiler/19.0/1.144/rwthlnk/mkl/lib/intel64_lin -L/opt/intel/Compiler/19.0/1.144/rwthlnk/mkl/lib/ia32_lin -L/opt/intel/Compiler/19.0/1.144/rwthlnk/tbb/lib/intel64_lin/gcc4.7 -L/opt/intel/Compiler/19.0/1.144/rwthlnk/tbb/lib/ia32_lin/gcc4.7 -L/rwthfs/rz/SW/gcc/CENTOS-7.3/7.3.0/bin/../lib/gcc/x86_64-pc-linux-gnu/7.3.0/../../.. CMakeFiles/cmTC_68155.dir/CMakeCXXCompilerABI.cpp.o -lstdc++ -lm -lgcc_s -lgcc -lc -lgcc_s -lgcc /usr/local_rwth/sw/gcc/7.3.0/lib/gcc/x86_64-pc-linux-gnu/7.3.0/crtend.o /lib/../lib64/crtn.o
COLLECT_GCC_OPTIONS='-v' '-rdynamic' '-o' 'cmTC_68155' '-shared-libgcc' '-mtune=generic' '-march=x86-64'
gmake[1]: Leaving directory `/rwthfs/rz/cluster/home/ir835194/sisc/lammps_dco/lammps_with_python/src/CMakeFiles/CMakeTmp'


Parsed CXX implicit link information from above output:
  link line regex: [^( *|.*[/\])(ld|CMAKE_LINK_STARTFILE-NOTFOUND|([^/\]+-)?ld|collect2)[^/\]*( |$)]
  ignore line: [Change Dir: /home/ir835194/sisc/lammps_dco/lammps_with_python/src/CMakeFiles/CMakeTmp]
  ignore line: []
  ignore line: [Run Build Command:"/usr/local_rwth/bin/gmake" "cmTC_68155/fast"]
  ignore line: [/usr/local_rwth/bin/gmake -f CMakeFiles/cmTC_68155.dir/build.make CMakeFiles/cmTC_68155.dir/build]
  ignore line: [gmake[1]: Entering directory `/rwthfs/rz/cluster/home/ir835194/sisc/lammps_dco/lammps_with_python/src/CMakeFiles/CMakeTmp']
  ignore line: [Building CXX object CMakeFiles/cmTC_68155.dir/CMakeCXXCompilerABI.cpp.o]
  ignore line: [/usr/local_rwth/sw/gcc/7.3.0/bin/g++     -o CMakeFiles/cmTC_68155.dir/CMakeCXXCompilerABI.cpp.o -c /usr/share/cmake/Modules/CMakeCXXCompilerABI.cpp]
  ignore line: [Linking CXX executable cmTC_68155]
  ignore line: [/usr/bin/cmake -E cmake_link_script CMakeFiles/cmTC_68155.dir/link.txt --verbose=1]
  ignore line: [/usr/local_rwth/sw/gcc/7.3.0/bin/g++      -v -rdynamic CMakeFiles/cmTC_68155.dir/CMakeCXXCompilerABI.cpp.o  -o cmTC_68155 ]
  ignore line: [Es werden eingebaute Spezifikationen verwendet.]
  ignore line: [COLLECT_GCC=/usr/local_rwth/sw/gcc/7.3.0/bin/g++]
  ignore line: [COLLECT_LTO_WRAPPER=/usr/local_rwth/sw/gcc/7.3.0/libexec/gcc/x86_64-pc-linux-gnu/7.3.0/lto-wrapper]
  ignore line: [OFFLOAD_TARGET_NAMES=nvptx-none]
  ignore line: [Ziel: x86_64-pc-linux-gnu]
  ignore line: [Konfiguriert mit: ../../SOURCES/gcc-7.3.0/configure --prefix=/usr/local_rwth/sw/gcc/7.3.0 --enable-offload-targets=nvptx-none --enable-languages=c,c++,objc,obj-c++,fortran --enable-lto --enable-install-libiberty --with-gmp=/w0/tmp/jh366276/GCC-7.3.0/build/destdir/usr/local_rwth/sw/gcc/7.3.0 --with-mpfr=/w0/tmp/jh366276/GCC-7.3.0/build/destdir/usr/local_rwth/sw/gcc/7.3.0 --with-mpc=/w0/tmp/jh366276/GCC-7.3.0/build/destdir/usr/local_rwth/sw/gcc/7.3.0 --with-ppl=/w0/tmp/jh366276/GCC-7.3.0/build/destdir/usr/local_rwth/sw/gcc/7.3.0 --with-isl --with-default-libstdcxx-abi=gcc4-compatible LDFLAGS='-Wl,-rpath,/usr/local_rwth/sw/gcc/7.3.0/lib64 -Wl,-rpath,/usr/local_rwth/sw/gcc/7.3.0/lib']
  ignore line: [Thread-Modell: posix]
  ignore line: [gcc-Version 7.3.0 (GCC) ]
  ignore line: [COMPILER_PATH=/usr/local_rwth/sw/gcc/7.3.0/libexec/gcc/x86_64-pc-linux-gnu/7.3.0/:/usr/local_rwth/sw/gcc/7.3.0/libexec/gcc/]
  ignore line: [LIBRARY_PATH=/usr/local_rwth/sw/gcc/7.3.0/lib/gcc/x86_64-pc-linux-gnu/7.3.0/:/usr/local_rwth/sw/gcc/7.3.0/lib/gcc/:/usr/local_rwth/sw/gcc/7.3.0/lib64/../lib64/:/usr/local_rwth/sw/gcc/7.3.0/lib/../lib64/:/rwthfs/rz/SW/gcc/CENTOS-7.3/7.3.0/bin/../lib/gcc/x86_64-pc-linux-gnu/7.3.0/../../../../lib64/:/lib/../lib64/:/usr/lib/../lib64/:/usr/local_rwth/sw/gcc/7.3.0/lib64/:/usr/local_rwth/sw/gcc/7.3.0/lib/:/opt/intel/Compiler/19.0/1.144/rwthlnk/daal/lib/intel64_lin/:/opt/intel/Compiler/19.0/1.144/rwthlnk/daal/lib/ia32_lin/:/opt/intel/Compiler/19.0/1.144/rwthlnk/ipp/lib/intel64_lin/:/opt/intel/Compiler/19.0/1.144/rwthlnk/ipp/lib/ia32_lin/:/opt/intel/Compiler/19.0/1.144/rwthlnk/mkl/lib/intel64_lin/:/opt/intel/Compiler/19.0/1.144/rwthlnk/mkl/lib/ia32_lin/:/opt/intel/Compiler/19.0/1.144/rwthlnk/tbb/lib/intel64_lin/gcc4.7/:/opt/intel/Compiler/19.0/1.144/rwthlnk/tbb/lib/ia32_lin/gcc4.7/:/rwthfs/rz/SW/gcc/CENTOS-7.3/7.3.0/bin/../lib/gcc/x86_64-pc-linux-gnu/7.3.0/../../../:/lib/:/usr/lib/]
  ignore line: [COLLECT_GCC_OPTIONS='-v' '-rdynamic' '-o' 'cmTC_68155' '-shared-libgcc' '-mtune=generic' '-march=x86-64']
  link line: [ /usr/local_rwth/sw/gcc/7.3.0/libexec/gcc/x86_64-pc-linux-gnu/7.3.0/collect2 -plugin /usr/local_rwth/sw/gcc/7.3.0/libexec/gcc/x86_64-pc-linux-gnu/7.3.0/liblto_plugin.so -plugin-opt=/usr/local_rwth/sw/gcc/7.3.0/libexec/gcc/x86_64-pc-linux-gnu/7.3.0/lto-wrapper -plugin-opt=-fresolution=/tmp/ir835194/login18-1_70280/cc0TNLP9.res -plugin-opt=-pass-through=-lgcc_s -plugin-opt=-pass-through=-lgcc -plugin-opt=-pass-through=-lc -plugin-opt=-pass-through=-lgcc_s -plugin-opt=-pass-through=-lgcc --eh-frame-hdr -m elf_x86_64 -export-dynamic -dynamic-linker /lib64/ld-linux-x86-64.so.2 -o cmTC_68155 /lib/../lib64/crt1.o /lib/../lib64/crti.o /usr/local_rwth/sw/gcc/7.3.0/lib/gcc/x86_64-pc-linux-gnu/7.3.0/crtbegin.o -L/usr/local_rwth/sw/gcc/7.3.0/lib/gcc/x86_64-pc-linux-gnu/7.3.0 -L/usr/local_rwth/sw/gcc/7.3.0/lib/gcc -L/usr/local_rwth/sw/gcc/7.3.0/lib64/../lib64 -L/usr/local_rwth/sw/gcc/7.3.0/lib/../lib64 -L/rwthfs/rz/SW/gcc/CENTOS-7.3/7.3.0/bin/../lib/gcc/x86_64-pc-linux-gnu/7.3.0/../../../../lib64 -L/lib/../lib64 -L/usr/lib/../lib64 -L/usr/local_rwth/sw/gcc/7.3.0/lib64 -L/usr/local_rwth/sw/gcc/7.3.0/lib -L/opt/intel/Compiler/19.0/1.144/rwthlnk/daal/lib/intel64_lin -L/opt/intel/Compiler/19.0/1.144/rwthlnk/daal/lib/ia32_lin -L/opt/intel/Compiler/19.0/1.144/rwthlnk/ipp/lib/intel64_lin -L/opt/intel/Compiler/19.0/1.144/rwthlnk/ipp/lib/ia32_lin -L/opt/intel/Compiler/19.0/1.144/rwthlnk/mkl/lib/intel64_lin -L/opt/intel/Compiler/19.0/1.144/rwthlnk/mkl/lib/ia32_lin -L/opt/intel/Compiler/19.0/1.144/rwthlnk/tbb/lib/intel64_lin/gcc4.7 -L/opt/intel/Compiler/19.0/1.144/rwthlnk/tbb/lib/ia32_lin/gcc4.7 -L/rwthfs/rz/SW/gcc/CENTOS-7.3/7.3.0/bin/../lib/gcc/x86_64-pc-linux-gnu/7.3.0/../../.. CMakeFiles/cmTC_68155.dir/CMakeCXXCompilerABI.cpp.o -lstdc++ -lm -lgcc_s -lgcc -lc -lgcc_s -lgcc /usr/local_rwth/sw/gcc/7.3.0/lib/gcc/x86_64-pc-linux-gnu/7.3.0/crtend.o /lib/../lib64/crtn.o]
    arg [/usr/local_rwth/sw/gcc/7.3.0/libexec/gcc/x86_64-pc-linux-gnu/7.3.0/collect2] ==> ignore
    arg [-plugin] ==> ignore
    arg [/usr/local_rwth/sw/gcc/7.3.0/libexec/gcc/x86_64-pc-linux-gnu/7.3.0/liblto_plugin.so] ==> ignore
    arg [-plugin-opt=/usr/local_rwth/sw/gcc/7.3.0/libexec/gcc/x86_64-pc-linux-gnu/7.3.0/lto-wrapper] ==> ignore
    arg [-plugin-opt=-fresolution=/tmp/ir835194/login18-1_70280/cc0TNLP9.res] ==> ignore
    arg [-plugin-opt=-pass-through=-lgcc_s] ==> ignore
    arg [-plugin-opt=-pass-through=-lgcc] ==> ignore
    arg [-plugin-opt=-pass-through=-lc] ==> ignore
    arg [-plugin-opt=-pass-through=-lgcc_s] ==> ignore
    arg [-plugin-opt=-pass-through=-lgcc] ==> ignore
    arg [--eh-frame-hdr] ==> ignore
    arg [-m] ==> ignore
    arg [elf_x86_64] ==> ignore
    arg [-export-dynamic] ==> ignore
    arg [-dynamic-linker] ==> ignore
    arg [/lib64/ld-linux-x86-64.so.2] ==> ignore
    arg [-o] ==> ignore
    arg [cmTC_68155] ==> ignore
    arg [/lib/../lib64/crt1.o] ==> ignore
    arg [/lib/../lib64/crti.o] ==> ignore
    arg [/usr/local_rwth/sw/gcc/7.3.0/lib/gcc/x86_64-pc-linux-gnu/7.3.0/crtbegin.o] ==> ignore
    arg [-L/usr/local_rwth/sw/gcc/7.3.0/lib/gcc/x86_64-pc-linux-gnu/7.3.0] ==> dir [/usr/local_rwth/sw/gcc/7.3.0/lib/gcc/x86_64-pc-linux-gnu/7.3.0]
    arg [-L/usr/local_rwth/sw/gcc/7.3.0/lib/gcc] ==> dir [/usr/local_rwth/sw/gcc/7.3.0/lib/gcc]
    arg [-L/usr/local_rwth/sw/gcc/7.3.0/lib64/../lib64] ==> dir [/usr/local_rwth/sw/gcc/7.3.0/lib64/../lib64]
    arg [-L/usr/local_rwth/sw/gcc/7.3.0/lib/../lib64] ==> dir [/usr/local_rwth/sw/gcc/7.3.0/lib/../lib64]
    arg [-L/rwthfs/rz/SW/gcc/CENTOS-7.3/7.3.0/bin/../lib/gcc/x86_64-pc-linux-gnu/7.3.0/../../../../lib64] ==> dir [/rwthfs/rz/SW/gcc/CENTOS-7.3/7.3.0/bin/../lib/gcc/x86_64-pc-linux-gnu/7.3.0/../../../../lib64]
    arg [-L/lib/../lib64] ==> dir [/lib/../lib64]
    arg [-L/usr/lib/../lib64] ==> dir [/usr/lib/../lib64]
    arg [-L/usr/local_rwth/sw/gcc/7.3.0/lib64] ==> dir [/usr/local_rwth/sw/gcc/7.3.0/lib64]
    arg [-L/usr/local_rwth/sw/gcc/7.3.0/lib] ==> dir [/usr/local_rwth/sw/gcc/7.3.0/lib]
    arg [-L/opt/intel/Compiler/19.0/1.144/rwthlnk/daal/lib/intel64_lin] ==> dir [/opt/intel/Compiler/19.0/1.144/rwthlnk/daal/lib/intel64_lin]
    arg [-L/opt/intel/Compiler/19.0/1.144/rwthlnk/daal/lib/ia32_lin] ==> dir [/opt/intel/Compiler/19.0/1.144/rwthlnk/daal/lib/ia32_lin]
    arg [-L/opt/intel/Compiler/19.0/1.144/rwthlnk/ipp/lib/intel64_lin] ==> dir [/opt/intel/Compiler/19.0/1.144/rwthlnk/ipp/lib/intel64_lin]
    arg [-L/opt/intel/Compiler/19.0/1.144/rwthlnk/ipp/lib/ia32_lin] ==> dir [/opt/intel/Compiler/19.0/1.144/rwthlnk/ipp/lib/ia32_lin]
    arg [-L/opt/intel/Compiler/19.0/1.144/rwthlnk/mkl/lib/intel64_lin] ==> dir [/opt/intel/Compiler/19.0/1.144/rwthlnk/mkl/lib/intel64_lin]
    arg [-L/opt/intel/Compiler/19.0/1.144/rwthlnk/mkl/lib/ia32_lin] ==> dir [/opt/intel/Compiler/19.0/1.144/rwthlnk/mkl/lib/ia32_lin]
    arg [-L/opt/intel/Compiler/19.0/1.144/rwthlnk/tbb/lib/intel64_lin/gcc4.7] ==> dir [/opt/intel/Compiler/19.0/1.144/rwthlnk/tbb/lib/intel64_lin/gcc4.7]
    arg [-L/opt/intel/Compiler/19.0/1.144/rwthlnk/tbb/lib/ia32_lin/gcc4.7] ==> dir [/opt/intel/Compiler/19.0/1.144/rwthlnk/tbb/lib/ia32_lin/gcc4.7]
    arg [-L/rwthfs/rz/SW/gcc/CENTOS-7.3/7.3.0/bin/../lib/gcc/x86_64-pc-linux-gnu/7.3.0/../../..] ==> dir [/rwthfs/rz/SW/gcc/CENTOS-7.3/7.3.0/bin/../lib/gcc/x86_64-pc-linux-gnu/7.3.0/../../..]
    arg [CMakeFiles/cmTC_68155.dir/CMakeCXXCompilerABI.cpp.o] ==> ignore
    arg [-lstdc++] ==> lib [stdc++]
    arg [-lm] ==> lib [m]
    arg [-lgcc_s] ==> lib [gcc_s]
    arg [-lgcc] ==> lib [gcc]
    arg [-lc] ==> lib [c]
    arg [-lgcc_s] ==> lib [gcc_s]
    arg [-lgcc] ==> lib [gcc]
    arg [/usr/local_rwth/sw/gcc/7.3.0/lib/gcc/x86_64-pc-linux-gnu/7.3.0/crtend.o] ==> ignore
    arg [/lib/../lib64/crtn.o] ==> ignore
  collapse library dir [/usr/local_rwth/sw/gcc/7.3.0/lib/gcc/x86_64-pc-linux-gnu/7.3.0] ==> [/usr/local_rwth/sw/gcc/7.3.0/lib/gcc/x86_64-pc-linux-gnu/7.3.0]
  collapse library dir [/usr/local_rwth/sw/gcc/7.3.0/lib/gcc] ==> [/usr/local_rwth/sw/gcc/7.3.0/lib/gcc]
  collapse library dir [/usr/local_rwth/sw/gcc/7.3.0/lib64/../lib64] ==> [/usr/local_rwth/sw/gcc/7.3.0/lib64]
  collapse library dir [/usr/local_rwth/sw/gcc/7.3.0/lib/../lib64] ==> [/usr/local_rwth/sw/gcc/7.3.0/lib64]
  collapse library dir [/rwthfs/rz/SW/gcc/CENTOS-7.3/7.3.0/bin/../lib/gcc/x86_64-pc-linux-gnu/7.3.0/../../../../lib64] ==> [/rwthfs/rz/SW/gcc/CENTOS-7.3/7.3.0/lib64]
  collapse library dir [/lib/../lib64] ==> [/lib64]
  collapse library dir [/usr/lib/../lib64] ==> [/usr/lib64]
  collapse library dir [/usr/local_rwth/sw/gcc/7.3.0/lib64] ==> [/usr/local_rwth/sw/gcc/7.3.0/lib64]
  collapse library dir [/usr/local_rwth/sw/gcc/7.3.0/lib] ==> [/usr/local_rwth/sw/gcc/7.3.0/lib]
  collapse library dir [/opt/intel/Compiler/19.0/1.144/rwthlnk/daal/lib/intel64_lin] ==> [/opt/intel/Compiler/19.0/1.144/rwthlnk/daal/lib/intel64_lin]
  collapse library dir [/opt/intel/Compiler/19.0/1.144/rwthlnk/daal/lib/ia32_lin] ==> [/opt/intel/Compiler/19.0/1.144/rwthlnk/daal/lib/ia32_lin]
  collapse library dir [/opt/intel/Compiler/19.0/1.144/rwthlnk/ipp/lib/intel64_lin] ==> [/opt/intel/Compiler/19.0/1.144/rwthlnk/ipp/lib/intel64_lin]
  collapse library dir [/opt/intel/Compiler/19.0/1.144/rwthlnk/ipp/lib/ia32_lin] ==> [/opt/intel/Compiler/19.0/1.144/rwthlnk/ipp/lib/ia32_lin]
  collapse library dir [/opt/intel/Compiler/19.0/1.144/rwthlnk/mkl/lib/intel64_lin] ==> [/opt/intel/Compiler/19.0/1.144/rwthlnk/mkl/lib/intel64_lin]
  collapse library dir [/opt/intel/Compiler/19.0/1.144/rwthlnk/mkl/lib/ia32_lin] ==> [/opt/intel/Compiler/19.0/1.144/rwthlnk/mkl/lib/ia32_lin]
  collapse library dir [/opt/intel/Compiler/19.0/1.144/rwthlnk/tbb/lib/intel64_lin/gcc4.7] ==> [/opt/intel/Compiler/19.0/1.144/rwthlnk/tbb/lib/intel64_lin/gcc4.7]
  collapse library dir [/opt/intel/Compiler/19.0/1.144/rwthlnk/tbb/lib/ia32_lin/gcc4.7] ==> [/opt/intel/Compiler/19.0/1.144/rwthlnk/tbb/lib/ia32_lin/gcc4.7]
  collapse library dir [/rwthfs/rz/SW/gcc/CENTOS-7.3/7.3.0/bin/../lib/gcc/x86_64-pc-linux-gnu/7.3.0/../../..] ==> [/rwthfs/rz/SW/gcc/CENTOS-7.3/7.3.0/lib]
  implicit libs: [stdc++;m;gcc_s;gcc;c;gcc_s;gcc]
  implicit dirs: [/usr/local_rwth/sw/gcc/7.3.0/lib/gcc/x86_64-pc-linux-gnu/7.3.0;/usr/local_rwth/sw/gcc/7.3.0/lib/gcc;/usr/local_rwth/sw/gcc/7.3.0/lib64;/rwthfs/rz/SW/gcc/CENTOS-7.3/7.3.0/lib64;/lib64;/usr/lib64;/usr/local_rwth/sw/gcc/7.3.0/lib;/opt/intel/Compiler/19.0/1.144/rwthlnk/daal/lib/intel64_lin;/opt/intel/Compiler/19.0/1.144/rwthlnk/daal/lib/ia32_lin;/opt/intel/Compiler/19.0/1.144/rwthlnk/ipp/lib/intel64_lin;/opt/intel/Compiler/19.0/1.144/rwthlnk/ipp/lib/ia32_lin;/opt/intel/Compiler/19.0/1.144/rwthlnk/mkl/lib/intel64_lin;/opt/intel/Compiler/19.0/1.144/rwthlnk/mkl/lib/ia32_lin;/opt/intel/Compiler/19.0/1.144/rwthlnk/tbb/lib/intel64_lin/gcc4.7;/opt/intel/Compiler/19.0/1.144/rwthlnk/tbb/lib/ia32_lin/gcc4.7;/rwthfs/rz/SW/gcc/CENTOS-7.3/7.3.0/lib]
  implicit fwks: []




Detecting CXX [-std=c++1z] compiler features compiled with the following output:
Change Dir: /home/ir835194/sisc/lammps_dco/lammps_with_python/src/CMakeFiles/CMakeTmp

Run Build Command:"/usr/local_rwth/bin/gmake" "cmTC_c0b2c/fast"
/usr/local_rwth/bin/gmake -f CMakeFiles/cmTC_c0b2c.dir/build.make CMakeFiles/cmTC_c0b2c.dir/build
gmake[1]: Entering directory `/rwthfs/rz/cluster/home/ir835194/sisc/lammps_dco/lammps_with_python/src/CMakeFiles/CMakeTmp'
Building CXX object CMakeFiles/cmTC_c0b2c.dir/feature_tests.cxx.o
/usr/local_rwth/sw/gcc/7.3.0/bin/g++    -std=c++1z -o CMakeFiles/cmTC_c0b2c.dir/feature_tests.cxx.o -c /home/ir835194/sisc/lammps_dco/lammps_with_python/src/CMakeFiles/feature_tests.cxx
Linking CXX executable cmTC_c0b2c
/usr/bin/cmake -E cmake_link_script CMakeFiles/cmTC_c0b2c.dir/link.txt --verbose=1
/usr/local_rwth/sw/gcc/7.3.0/bin/g++       -rdynamic CMakeFiles/cmTC_c0b2c.dir/feature_tests.cxx.o  -o cmTC_c0b2c 
gmake[1]: Leaving directory `/rwthfs/rz/cluster/home/ir835194/sisc/lammps_dco/lammps_with_python/src/CMakeFiles/CMakeTmp'


    Feature record: CXX_FEATURE:1cxx_aggregate_default_initializers
    Feature record: CXX_FEATURE:1cxx_alias_templates
    Feature record: CXX_FEATURE:1cxx_alignas
    Feature record: CXX_FEATURE:1cxx_alignof
    Feature record: CXX_FEATURE:1cxx_attributes
    Feature record: CXX_FEATURE:1cxx_attribute_deprecated
    Feature record: CXX_FEATURE:1cxx_auto_type
    Feature record: CXX_FEATURE:1cxx_binary_literals
    Feature record: CXX_FEATURE:1cxx_constexpr
    Feature record: CXX_FEATURE:1cxx_contextual_conversions
    Feature record: CXX_FEATURE:1cxx_decltype
    Feature record: CXX_FEATURE:1cxx_decltype_auto
    Feature record: CXX_FEATURE:1cxx_decltype_incomplete_return_types
    Feature record: CXX_FEATURE:1cxx_default_function_template_args
    Feature record: CXX_FEATURE:1cxx_defaulted_functions
    Feature record: CXX_FEATURE:1cxx_defaulted_move_initializers
    Feature record: CXX_FEATURE:1cxx_delegating_constructors
    Feature record: CXX_FEATURE:1cxx_deleted_functions
    Feature record: CXX_FEATURE:1cxx_digit_separators
    Feature record: CXX_FEATURE:1cxx_enum_forward_declarations
    Feature record: CXX_FEATURE:1cxx_explicit_conversions
    Feature record: CXX_FEATURE:1cxx_extended_friend_declarations
    Feature record: CXX_FEATURE:1cxx_extern_templates
    Feature record: CXX_FEATURE:1cxx_final
    Feature record: CXX_FEATURE:1cxx_func_identifier
    Feature record: CXX_FEATURE:1cxx_generalized_initializers
    Feature record: CXX_FEATURE:1cxx_generic_lambdas
    Feature record: CXX_FEATURE:1cxx_inheriting_constructors
    Feature record: CXX_FEATURE:1cxx_inline_namespaces
    Feature record: CXX_FEATURE:1cxx_lambdas
    Feature record: CXX_FEATURE:1cxx_lambda_init_captures
    Feature record: CXX_FEATURE:1cxx_local_type_template_args
    Feature record: CXX_FEATURE:1cxx_long_long_type
    Feature record: CXX_FEATURE:1cxx_noexcept
    Feature record: CXX_FEATURE:1cxx_nonstatic_member_init
    Feature record: CXX_FEATURE:1cxx_nullptr
    Feature record: CXX_FEATURE:1cxx_override
    Feature record: CXX_FEATURE:1cxx_range_for
    Feature record: CXX_FEATURE:1cxx_raw_string_literals
    Feature record: CXX_FEATURE:1cxx_reference_qualified_functions
    Feature record: CXX_FEATURE:1cxx_relaxed_constexpr
    Feature record: CXX_FEATURE:1cxx_return_type_deduction
    Feature record: CXX_FEATURE:1cxx_right_angle_brackets
    Feature record: CXX_FEATURE:1cxx_rvalue_references
    Feature record: CXX_FEATURE:1cxx_sizeof_member
    Feature record: CXX_FEATURE:1cxx_static_assert
    Feature record: CXX_FEATURE:1cxx_strong_enums
    Feature record: CXX_FEATURE:1cxx_template_template_parameters
    Feature record: CXX_FEATURE:1cxx_thread_local
    Feature record: CXX_FEATURE:1cxx_trailing_return_types
    Feature record: CXX_FEATURE:1cxx_unicode_literals
    Feature record: CXX_FEATURE:1cxx_uniform_initialization
    Feature record: CXX_FEATURE:1cxx_unrestricted_unions
    Feature record: CXX_FEATURE:1cxx_user_literals
    Feature record: CXX_FEATURE:1cxx_variable_templates
    Feature record: CXX_FEATURE:1cxx_variadic_macros
    Feature record: CXX_FEATURE:1cxx_variadic_templates


Detecting CXX [-std=c++14] compiler features compiled with the following output:
Change Dir: /home/ir835194/sisc/lammps_dco/lammps_with_python/src/CMakeFiles/CMakeTmp

Run Build Command:"/usr/local_rwth/bin/gmake" "cmTC_47e90/fast"
/usr/local_rwth/bin/gmake -f CMakeFiles/cmTC_47e90.dir/build.make CMakeFiles/cmTC_47e90.dir/build
gmake[1]: Entering directory `/rwthfs/rz/cluster/home/ir835194/sisc/lammps_dco/lammps_with_python/src/CMakeFiles/CMakeTmp'
Building CXX object CMakeFiles/cmTC_47e90.dir/feature_tests.cxx.o
/usr/local_rwth/sw/gcc/7.3.0/bin/g++    -std=c++14 -o CMakeFiles/cmTC_47e90.dir/feature_tests.cxx.o -c /home/ir835194/sisc/lammps_dco/lammps_with_python/src/CMakeFiles/feature_tests.cxx
Linking CXX executable cmTC_47e90
/usr/bin/cmake -E cmake_link_script CMakeFiles/cmTC_47e90.dir/link.txt --verbose=1
/usr/local_rwth/sw/gcc/7.3.0/bin/g++       -rdynamic CMakeFiles/cmTC_47e90.dir/feature_tests.cxx.o  -o cmTC_47e90 
gmake[1]: Leaving directory `/rwthfs/rz/cluster/home/ir835194/sisc/lammps_dco/lammps_with_python/src/CMakeFiles/CMakeTmp'


    Feature record: CXX_FEATURE:1cxx_aggregate_default_initializers
    Feature record: CXX_FEATURE:1cxx_alias_templates
    Feature record: CXX_FEATURE:1cxx_alignas
    Feature record: CXX_FEATURE:1cxx_alignof
    Feature record: CXX_FEATURE:1cxx_attributes
    Feature record: CXX_FEATURE:1cxx_attribute_deprecated
    Feature record: CXX_FEATURE:1cxx_auto_type
    Feature record: CXX_FEATURE:1cxx_binary_literals
    Feature record: CXX_FEATURE:1cxx_constexpr
    Feature record: CXX_FEATURE:1cxx_contextual_conversions
    Feature record: CXX_FEATURE:1cxx_decltype
    Feature record: CXX_FEATURE:1cxx_decltype_auto
    Feature record: CXX_FEATURE:1cxx_decltype_incomplete_return_types
    Feature record: CXX_FEATURE:1cxx_default_function_template_args
    Feature record: CXX_FEATURE:1cxx_defaulted_functions
    Feature record: CXX_FEATURE:1cxx_defaulted_move_initializers
    Feature record: CXX_FEATURE:1cxx_delegating_constructors
    Feature record: CXX_FEATURE:1cxx_deleted_functions
    Feature record: CXX_FEATURE:1cxx_digit_separators
    Feature record: CXX_FEATURE:1cxx_enum_forward_declarations
    Feature record: CXX_FEATURE:1cxx_explicit_conversions
    Feature record: CXX_FEATURE:1cxx_extended_friend_declarations
    Feature record: CXX_FEATURE:1cxx_extern_templates
    Feature record: CXX_FEATURE:1cxx_final
    Feature record: CXX_FEATURE:1cxx_func_identifier
    Feature record: CXX_FEATURE:1cxx_generalized_initializers
    Feature record: CXX_FEATURE:1cxx_generic_lambdas
    Feature record: CXX_FEATURE:1cxx_inheriting_constructors
    Feature record: CXX_FEATURE:1cxx_inline_namespaces
    Feature record: CXX_FEATURE:1cxx_lambdas
    Feature record: CXX_FEATURE:1cxx_lambda_init_captures
    Feature record: CXX_FEATURE:1cxx_local_type_template_args
    Feature record: CXX_FEATURE:1cxx_long_long_type
    Feature record: CXX_FEATURE:1cxx_noexcept
    Feature record: CXX_FEATURE:1cxx_nonstatic_member_init
    Feature record: CXX_FEATURE:1cxx_nullptr
    Feature record: CXX_FEATURE:1cxx_override
    Feature record: CXX_FEATURE:1cxx_range_for
    Feature record: CXX_FEATURE:1cxx_raw_string_literals
    Feature record: CXX_FEATURE:1cxx_reference_qualified_functions
    Feature record: CXX_FEATURE:1cxx_relaxed_constexpr
    Feature record: CXX_FEATURE:1cxx_return_type_deduction
    Feature record: CXX_FEATURE:1cxx_right_angle_brackets
    Feature record: CXX_FEATURE:1cxx_rvalue_references
    Feature record: CXX_FEATURE:1cxx_sizeof_member
    Feature record: CXX_FEATURE:1cxx_static_assert
    Feature record: CXX_FEATURE:1cxx_strong_enums
    Feature record: CXX_FEATURE:1cxx_template_template_parameters
    Feature record: CXX_FEATURE:1cxx_thread_local
    Feature record: CXX_FEATURE:1cxx_trailing_return_types
    Feature record: CXX_FEATURE:1cxx_unicode_literals
    Feature record: CXX_FEATURE:1cxx_uniform_initialization
    Feature record: CXX_FEATURE:1cxx_unrestricted_unions
    Feature record: CXX_FEATURE:1cxx_user_literals
    Feature record: CXX_FEATURE:1cxx_variable_templates
    Feature record: CXX_FEATURE:1cxx_variadic_macros
    Feature record: CXX_FEATURE:1cxx_variadic_templates


Detecting CXX [-std=c++11] compiler features compiled with the following output:
Change Dir: /home/ir835194/sisc/lammps_dco/lammps_with_python/src/CMakeFiles/CMakeTmp

Run Build Command:"/usr/local_rwth/bin/gmake" "cmTC_27f52/fast"
/usr/local_rwth/bin/gmake -f CMakeFiles/cmTC_27f52.dir/build.make CMakeFiles/cmTC_27f52.dir/build
gmake[1]: Entering directory `/rwthfs/rz/cluster/home/ir835194/sisc/lammps_dco/lammps_with_python/src/CMakeFiles/CMakeTmp'
Building CXX object CMakeFiles/cmTC_27f52.dir/feature_tests.cxx.o
/usr/local_rwth/sw/gcc/7.3.0/bin/g++    -std=c++11 -o CMakeFiles/cmTC_27f52.dir/feature_tests.cxx.o -c /home/ir835194/sisc/lammps_dco/lammps_with_python/src/CMakeFiles/feature_tests.cxx
Linking CXX executable cmTC_27f52
/usr/bin/cmake -E cmake_link_script CMakeFiles/cmTC_27f52.dir/link.txt --verbose=1
/usr/local_rwth/sw/gcc/7.3.0/bin/g++       -rdynamic CMakeFiles/cmTC_27f52.dir/feature_tests.cxx.o  -o cmTC_27f52 
gmake[1]: Leaving directory `/rwthfs/rz/cluster/home/ir835194/sisc/lammps_dco/lammps_with_python/src/CMakeFiles/CMakeTmp'


    Feature record: CXX_FEATURE:0cxx_aggregate_default_initializers
    Feature record: CXX_FEATURE:1cxx_alias_templates
    Feature record: CXX_FEATURE:1cxx_alignas
    Feature record: CXX_FEATURE:1cxx_alignof
    Feature record: CXX_FEATURE:1cxx_attributes
    Feature record: CXX_FEATURE:0cxx_attribute_deprecated
    Feature record: CXX_FEATURE:1cxx_auto_type
    Feature record: CXX_FEATURE:0cxx_binary_literals
    Feature record: CXX_FEATURE:1cxx_constexpr
    Feature record: CXX_FEATURE:0cxx_contextual_conversions
    Feature record: CXX_FEATURE:1cxx_decltype
    Feature record: CXX_FEATURE:0cxx_decltype_auto
    Feature record: CXX_FEATURE:1cxx_decltype_incomplete_return_types
    Feature record: CXX_FEATURE:1cxx_default_function_template_args
    Feature record: CXX_FEATURE:1cxx_defaulted_functions
    Feature record: CXX_FEATURE:1cxx_defaulted_move_initializers
    Feature record: CXX_FEATURE:1cxx_delegating_constructors
    Feature record: CXX_FEATURE:1cxx_deleted_functions
    Feature record: CXX_FEATURE:0cxx_digit_separators
    Feature record: CXX_FEATURE:1cxx_enum_forward_declarations
    Feature record: CXX_FEATURE:1cxx_explicit_conversions
    Feature record: CXX_FEATURE:1cxx_extended_friend_declarations
    Feature record: CXX_FEATURE:1cxx_extern_templates
    Feature record: CXX_FEATURE:1cxx_final
    Feature record: CXX_FEATURE:1cxx_func_identifier
    Feature record: CXX_FEATURE:1cxx_generalized_initializers
    Feature record: CXX_FEATURE:0cxx_generic_lambdas
    Feature record: CXX_FEATURE:1cxx_inheriting_constructors
    Feature record: CXX_FEATURE:1cxx_inline_namespaces
    Feature record: CXX_FEATURE:1cxx_lambdas
    Feature record: CXX_FEATURE:0cxx_lambda_init_captures
    Feature record: CXX_FEATURE:1cxx_local_type_template_args
    Feature record: CXX_FEATURE:1cxx_long_long_type
    Feature record: CXX_FEATURE:1cxx_noexcept
    Feature record: CXX_FEATURE:1cxx_nonstatic_member_init
    Feature record: CXX_FEATURE:1cxx_nullptr
    Feature record: CXX_FEATURE:1cxx_override
    Feature record: CXX_FEATURE:1cxx_range_for
    Feature record: CXX_FEATURE:1cxx_raw_string_literals
    Feature record: CXX_FEATURE:1cxx_reference_qualified_functions
    Feature record: CXX_FEATURE:0cxx_relaxed_constexpr
    Feature record: CXX_FEATURE:0cxx_return_type_deduction
    Feature record: CXX_FEATURE:1cxx_right_angle_brackets
    Feature record: CXX_FEATURE:1cxx_rvalue_references
    Feature record: CXX_FEATURE:1cxx_sizeof_member
    Feature record: CXX_FEATURE:1cxx_static_assert
    Feature record: CXX_FEATURE:1cxx_strong_enums
    Feature record: CXX_FEATURE:1cxx_template_template_parameters
    Feature record: CXX_FEATURE:1cxx_thread_local
    Feature record: CXX_FEATURE:1cxx_trailing_return_types
    Feature record: CXX_FEATURE:1cxx_unicode_literals
    Feature record: CXX_FEATURE:1cxx_uniform_initialization
    Feature record: CXX_FEATURE:1cxx_unrestricted_unions
    Feature record: CXX_FEATURE:1cxx_user_literals
    Feature record: CXX_FEATURE:0cxx_variable_templates
    Feature record: CXX_FEATURE:1cxx_variadic_macros
    Feature record: CXX_FEATURE:1cxx_variadic_templates
